[16/Feb/2019 03:08:07] "GET / HTTP/1.1" 200 6879
[16/Feb/2019 03:08:08] "GET /static/main/js/main.js HTTP/1.1" 404 1774
[16/Feb/2019 03:08:08] "GET /static/main/js/tinymce.min.js HTTP/1.1" 404 1795
[16/Feb/2019 03:08:08] "GET /static/main/js/tinymce-custom.js HTTP/1.1" 404 1804
[16/Feb/2019 03:08:11] "GET /support/ HTTP/1.1" 200 5181
[16/Feb/2019 03:08:12] "GET /static/main/js/tinymce.min.js HTTP/1.1" 404 1795
[16/Feb/2019 03:08:12] "GET /static/main/js/main.js HTTP/1.1" 404 1774
[16/Feb/2019 03:08:12] "GET /static/main/js/tinymce-custom.js HTTP/1.1" 404 1804
[16/Feb/2019 03:08:12] "GET /static/main/js/tinymce.min.js HTTP/1.1" 404 1795
[16/Feb/2019 03:08:13] "GET /static/main/js/tinymce-custom.js HTTP/1.1" 404 1804
[16/Feb/2019 03:08:14] "GET /support/customer_chat/ HTTP/1.1" 302 0
[16/Feb/2019 03:08:15] "GET /support/customer_chat/ HTTP/1.1" 200 6752
[16/Feb/2019 03:08:16] "GET /static/main/js/main.js HTTP/1.1" 404 1774
[16/Feb/2019 03:08:16] "GET /static/main/vendor/font-awesome/webfonts/fa-solid-900.woff2 HTTP/1.1" 200 74316
[16/Feb/2019 03:08:16] "GET /static/main/global/plugins/simple-line-icons/fonts/Simple-Line-Icons.woff HTTP/1.1" 200 59324
[16/Feb/2019 03:08:16] "GET /static/main/js/tinymce-custom.js HTTP/1.1" 404 1804
[16/Feb/2019 03:08:16] "GET /static/main/js/tinymce.min.js HTTP/1.1" 404 1795
[16/Feb/2019 03:08:20] "GET /static/main/vendor/font-awesome/webfonts/fa-solid-900.woff HTTP/1.1" 200 96248
[16/Feb/2019 03:08:20] "POST /support/customer_post_message/ HTTP/1.1" 302 0
[16/Feb/2019 03:08:23] "GET /support/customer_chat/ HTTP/1.1" 200 7811
[16/Feb/2019 03:08:23] "GET /static/main/img/icons/profile_user.png HTTP/1.1" 200 4017
[16/Feb/2019 03:08:24] "GET /static/main/js/main.js HTTP/1.1" 404 1774
[16/Feb/2019 03:08:24] "GET /static/main/js/tinymce.min.js HTTP/1.1" 404 1795
[16/Feb/2019 03:08:24] "GET /static/main/vendor/font-awesome/webfonts/fa-solid-900.woff2 HTTP/1.1" 200 74316
[16/Feb/2019 03:08:24] "GET /static/main/js/tinymce-custom.js HTTP/1.1" 404 1804
[16/Feb/2019 03:08:33] "POST /support/customer_post_message/ HTTP/1.1" 302 0
[16/Feb/2019 03:08:34] "GET /support/customer_chat/ HTTP/1.1" 200 8870
[16/Feb/2019 03:08:34] "GET /static/main/js/main.js HTTP/1.1" 404 1774
[16/Feb/2019 03:08:34] "GET /static/main/js/tinymce.min.js HTTP/1.1" 404 1795
[16/Feb/2019 03:08:34] "GET /static/main/js/tinymce-custom.js HTTP/1.1" 404 1804
[16/Feb/2019 03:08:38] "GET /logout/ HTTP/1.1" 302 0
[16/Feb/2019 03:08:39] "GET / HTTP/1.1" 200 6762
[16/Feb/2019 03:08:40] "GET /static/main/js/main.js HTTP/1.1" 404 1774
[16/Feb/2019 03:08:40] "GET /static/main/js/tinymce.min.js HTTP/1.1" 404 1795
[16/Feb/2019 03:08:40] "GET /static/main/js/tinymce-custom.js HTTP/1.1" 404 1804
[16/Feb/2019 03:08:43] "GET / HTTP/1.1" 200 6762
[16/Feb/2019 03:08:43] "GET /static/main/js/main.js HTTP/1.1" 404 1774
[16/Feb/2019 03:08:44] "GET /static/main/js/tinymce.min.js HTTP/1.1" 404 1795
[16/Feb/2019 03:08:44] "GET /static/main/js/tinymce-custom.js HTTP/1.1" 404 1804
[16/Feb/2019 03:09:00] "GET /signup/ HTTP/1.1" 200 6542
[16/Feb/2019 03:09:01] "GET /static/main/js/main.js HTTP/1.1" 404 1774
[16/Feb/2019 03:09:01] "GET /static/main/js/tinymce.min.js HTTP/1.1" 404 1795
[16/Feb/2019 03:09:01] "GET /static/main/js/tinymce-custom.js HTTP/1.1" 404 1804
[16/Feb/2019 03:09:02] "GET /captcha/image/588df3ebb991d7e458cedf6505e08bb2bb8833bf/ HTTP/1.1" 200 5217
[16/Feb/2019 03:09:03] "GET /signin/ HTTP/1.1" 200 6216
[16/Feb/2019 03:09:04] "GET /static/main/js/main.js HTTP/1.1" 404 1774
[16/Feb/2019 03:09:04] "GET /captcha/image/5615a5aac3291e7671ee299f53ad9b87d4d117eb/ HTTP/1.1" 200 4176
[16/Feb/2019 03:09:04] "GET /static/main/js/tinymce.min.js HTTP/1.1" 404 1795
[16/Feb/2019 03:09:04] "GET /static/main/js/tinymce-custom.js HTTP/1.1" 404 1804
[16/Feb/2019 04:45:54] "GET /signup/ HTTP/1.1" 200 6542
[16/Feb/2019 04:45:55] "GET /static/main/js/tinymce-custom.js HTTP/1.1" 404 1804
[16/Feb/2019 04:45:55] "GET /static/main/js/main.js HTTP/1.1" 404 1774
[16/Feb/2019 04:45:55] "GET /static/main/js/tinymce.min.js HTTP/1.1" 404 1795
[16/Feb/2019 04:45:55] "GET /captcha/image/9047cafc423d5fb43d651833d25942fc522c2c4d/ HTTP/1.1" 200 4773
[16/Feb/2019 04:45:55] "GET /static/main/js/tinymce.min.js HTTP/1.1" 404 1795
[16/Feb/2019 04:45:56] "GET /static/main/js/tinymce-custom.js HTTP/1.1" 404 1804
Not Found: /manager/html
[16/Feb/2019 05:50:38] "GET /manager/html HTTP/1.1" 404 3972
Traceback (most recent call last):
  File "/usr/lib/python3.5/socketserver.py", line 625, in process_request_thread
    self.finish_request(request, client_address)
  File "/usr/lib/python3.5/socketserver.py", line 354, in finish_request
    self.RequestHandlerClass(request, client_address, self)
  File "/usr/lib/python3.5/socketserver.py", line 681, in __init__
    self.handle()
  File "/var/www/dark_web/myenv/lib/python3.5/site-packages/django/core/servers/basehttp.py", line 171, in handle
    self.handle_one_request()
  File "/var/www/dark_web/myenv/lib/python3.5/site-packages/django/core/servers/basehttp.py", line 179, in handle_one_request
    self.raw_requestline = self.rfile.readline(65537)
  File "/usr/lib/python3.5/socket.py", line 575, in readinto
    return self._sock.recv_into(b)
ConnectionResetError: [Errno 104] Connection reset by peer
[16/Feb/2019 06:00:02] "GET / HTTP/1.1" 200 6762
[16/Feb/2019 07:01:02] "GET / HTTP/1.1" 200 6762
[16/Feb/2019 08:33:52] "GET / HTTP/1.1" 200 6762
[16/Feb/2019 09:32:41] "GET / HTTP/1.1" 200 6762
[16/Feb/2019 10:22:53] "GET / HTTP/1.1" 200 6762
Not Found: /favicon.ico
[16/Feb/2019 10:22:54] "GET /favicon.ico HTTP/1.1" 404 3969
[16/Feb/2019 10:36:56] "GET / HTTP/1.1" 200 6762
[16/Feb/2019 10:36:56] "GET /static/main/global/css/plugins.css HTTP/1.1" 200 49294
[16/Feb/2019 10:36:57] "GET /static/main/vendor/font-awesome/css/all.css HTTP/1.1" 200 68428
[16/Feb/2019 10:36:57] "GET /static/main/admin/layout/css/custom.css HTTP/1.1" 200 1298
[16/Feb/2019 10:36:57] "GET /static/main/css/bootstrap.min.css HTTP/1.1" 200 144878
[16/Feb/2019 10:36:58] "GET /static/main/global/plugins/bootstrap-switch/css/bootstrap-switch.min.css HTTP/1.1" 200 6457
[16/Feb/2019 10:36:58] "GET /static/main/css/style.css HTTP/1.1" 200 1994
[16/Feb/2019 10:36:58] "GET /static/main/css/navbar.css HTTP/1.1" 200 798
[16/Feb/2019 10:36:58] "GET /static/main/css/shopping_cart.css HTTP/1.1" 200 1711
[16/Feb/2019 10:36:58] "GET /static/main/global/css/components.css HTTP/1.1" 200 376975
[16/Feb/2019 10:36:58] "GET /static/main/css/profile.css HTTP/1.1" 200 1914
[16/Feb/2019 10:36:58] "GET /static/main/global/plugins/select2/select2.css HTTP/1.1" 200 18705
[16/Feb/2019 10:36:59] "GET /static/main/global/plugins/datatables/plugins/bootstrap/dataTables.bootstrap.css HTTP/1.1" 200 5547
[16/Feb/2019 10:36:59] "GET /static/main/global/plugins/simple-line-icons/simple-line-icons.min.css HTTP/1.1" 200 9561
[16/Feb/2019 10:36:59] "GET /static/main/js/main.js HTTP/1.1" 404 1774
[16/Feb/2019 10:36:59] "GET /static/main/js/tinymce.min.js HTTP/1.1" 404 1795
[16/Feb/2019 10:36:59] "GET /static/main/global/plugins/jquery.min.js HTTP/1.1" 200 95930
[16/Feb/2019 10:37:00] "GET /static/main/js/tinymce-custom.js HTTP/1.1" 404 1804
[16/Feb/2019 10:37:00] "GET /static/main/global/plugins/jquery-ui/jquery-ui.min.js HTTP/1.1" 200 239564
[16/Feb/2019 10:37:00] "GET /static/main/global/plugins/jquery-migrate.min.js HTTP/1.1" 200 7199
[16/Feb/2019 10:37:00] "GET /static/main/global/plugins/bootstrap-hover-dropdown/bootstrap-hover-dropdown.min.js HTTP/1.1" 200 1539
[16/Feb/2019 10:37:00] "GET /static/main/global/plugins/jquery-slimscroll/jquery.slimscroll.min.js HTTP/1.1" 200 5175
[16/Feb/2019 10:37:00] "GET /static/main/global/plugins/bootstrap/js/bootstrap.min.js HTTP/1.1" 200 36816
[16/Feb/2019 10:37:00] "GET /static/main/global/plugins/bootstrap-switch/js/bootstrap-switch.js HTTP/1.1" 200 25534
[16/Feb/2019 10:37:01] "GET /static/main/global/plugins/select2/select2.min.js HTTP/1.1" 200 65979
[16/Feb/2019 10:37:01] "GET /static/main/global/plugins/datatables/media/js/jquery.dataTables.min.js HTTP/1.1" 200 77499
[16/Feb/2019 10:37:01] "GET /static/main/global/plugins/datatables/plugins/bootstrap/dataTables.bootstrap.js HTTP/1.1" 200 15572
[16/Feb/2019 10:37:01] "GET /static/main/global/scripts/metronic.js HTTP/1.1" 200 37859
[16/Feb/2019 10:37:01] "GET /static/main/admin/layout/scripts/layout.js HTTP/1.1" 200 23665
[16/Feb/2019 10:37:01] "GET /static/main/admin/pages/scripts/table-managed.js HTTP/1.1" 200 9395
[16/Feb/2019 10:37:02] "GET /static/main/admin/pages/scripts/index.js HTTP/1.1" 200 1346
[16/Feb/2019 10:37:02] "GET /media/products/2019/01/12/Download.jpeg HTTP/1.1" 200 10131
Not Found: /favicon.ico
[16/Feb/2019 10:37:03] "GET /favicon.ico HTTP/1.1" 404 3969
Invalid HTTP_HOST header: 'idealbetaalverzoek-ing.nl'. You may need to add 'idealbetaalverzoek-ing.nl' to ALLOWED_HOSTS.
Bad Request: /
[16/Feb/2019 11:13:15] "GET / HTTP/1.1" 400 61540
Invalid HTTP_HOST header: 'www.idealbetaalverzoek-ing.nl'. You may need to add 'www.idealbetaalverzoek-ing.nl' to ALLOWED_HOSTS.
Bad Request: /
[16/Feb/2019 12:00:35] "GET / HTTP/1.1" 400 61600
[16/Feb/2019 12:18:59] "GET / HTTP/1.1" 200 6762
[16/Feb/2019 13:26:57] "GET / HTTP/1.1" 200 6762
[16/Feb/2019 14:27:42] "GET / HTTP/1.1" 200 6762
[16/Feb/2019 15:06:44] "GET / HTTP/1.1" 200 6762
[16/Feb/2019 15:06:45] "GET /static/main/css/bootstrap.min.css HTTP/1.1" 200 144878
[16/Feb/2019 15:06:45] "GET /static/main/admin/layout/css/custom.css HTTP/1.1" 200 1298
[16/Feb/2019 15:06:45] "GET /static/main/global/plugins/bootstrap-switch/css/bootstrap-switch.min.css HTTP/1.1" 200 6457
[16/Feb/2019 15:06:45] "GET /static/main/global/css/plugins.css HTTP/1.1" 200 49294
[16/Feb/2019 15:06:45] "GET /static/main/vendor/font-awesome/css/all.css HTTP/1.1" 200 68428
[16/Feb/2019 15:06:45] "GET /static/main/css/navbar.css HTTP/1.1" 200 798
[16/Feb/2019 15:06:45] "GET /static/main/css/style.css HTTP/1.1" 200 1994
[16/Feb/2019 15:06:45] "GET /static/main/css/shopping_cart.css HTTP/1.1" 200 1711
[16/Feb/2019 15:06:45] "GET /static/main/global/css/components.css HTTP/1.1" 200 376975
[16/Feb/2019 15:06:45] "GET /static/main/css/profile.css HTTP/1.1" 200 1914
[16/Feb/2019 15:06:45] "GET /static/main/global/plugins/select2/select2.css HTTP/1.1" 200 18705
[16/Feb/2019 15:06:45] "GET /static/main/global/plugins/datatables/plugins/bootstrap/dataTables.bootstrap.css HTTP/1.1" 200 5547
[16/Feb/2019 15:06:45] "GET /static/main/global/plugins/simple-line-icons/simple-line-icons.min.css HTTP/1.1" 200 9561
[16/Feb/2019 15:06:45] "GET /media/products/2019/01/12/Download.jpeg HTTP/1.1" 200 10131
[16/Feb/2019 15:06:45] "GET /static/main/js/tinymce-custom.js HTTP/1.1" 404 1804
[16/Feb/2019 15:06:45] "GET /static/main/js/main.js HTTP/1.1" 404 1774
[16/Feb/2019 15:06:45] "GET /static/main/js/tinymce.min.js HTTP/1.1" 404 1795
[16/Feb/2019 15:06:45] "GET /static/main/global/plugins/jquery-migrate.min.js HTTP/1.1" 200 7199
[16/Feb/2019 15:06:45] "GET /static/main/global/plugins/jquery-ui/jquery-ui.min.js HTTP/1.1" 200 239564
[16/Feb/2019 15:06:45] "GET /static/main/global/plugins/jquery.min.js HTTP/1.1" 200 95930
[16/Feb/2019 15:06:45] "GET /static/main/global/plugins/jquery-slimscroll/jquery.slimscroll.min.js HTTP/1.1" 200 5175
[16/Feb/2019 15:06:45] "GET /static/main/global/plugins/bootstrap-switch/js/bootstrap-switch.js HTTP/1.1" 200 25534
[16/Feb/2019 15:06:45] "GET /static/main/js/tinymce-custom.js HTTP/1.1" 404 1804
[16/Feb/2019 15:06:45] "GET /static/main/global/plugins/bootstrap/js/bootstrap.min.js HTTP/1.1" 200 36816
[16/Feb/2019 15:06:45] "GET /static/main/global/plugins/bootstrap-hover-dropdown/bootstrap-hover-dropdown.min.js HTTP/1.1" 200 1539
[16/Feb/2019 15:06:45] "GET /static/main/global/plugins/select2/select2.min.js HTTP/1.1" 200 65979
[16/Feb/2019 15:06:45] "GET /static/main/global/plugins/datatables/media/js/jquery.dataTables.min.js HTTP/1.1" 200 77499
[16/Feb/2019 15:06:45] "GET /static/main/global/plugins/datatables/plugins/bootstrap/dataTables.bootstrap.js HTTP/1.1" 200 15572
[16/Feb/2019 15:06:45] "GET /static/main/admin/layout/scripts/layout.js HTTP/1.1" 200 23665
[16/Feb/2019 15:06:45] "GET /static/main/admin/pages/scripts/table-managed.js HTTP/1.1" 200 9395
[16/Feb/2019 15:06:45] "GET /static/main/global/scripts/metronic.js HTTP/1.1" 200 37859
[16/Feb/2019 15:06:45] "GET /static/main/admin/pages/scripts/index.js HTTP/1.1" 200 1346
Not Found: /favicon.ico
[16/Feb/2019 15:06:45] "GET /favicon.ico HTTP/1.1" 404 3969
[16/Feb/2019 15:06:49] "GET /signin/ HTTP/1.1" 200 6216
[16/Feb/2019 15:06:49] "GET /captcha/image/04928f0fbea8fca5d85074b797a30495839b1cf4/ HTTP/1.1" 200 3917
[16/Feb/2019 15:06:49] "GET /static/main/js/main.js HTTP/1.1" 404 1774
[16/Feb/2019 15:06:49] "GET /static/main/js/tinymce.min.js HTTP/1.1" 404 1795
[16/Feb/2019 15:06:49] "GET /static/main/js/tinymce-custom.js HTTP/1.1" 404 1804
[16/Feb/2019 15:06:49] "GET /static/main/js/tinymce-custom.js HTTP/1.1" 404 1804
[16/Feb/2019 15:07:17] "POST /signin/ HTTP/1.1" 302 0
[16/Feb/2019 15:07:17] "GET / HTTP/1.1" 200 7038
[16/Feb/2019 15:07:18] "GET /static/main/js/tinymce.min.js HTTP/1.1" 404 1795
[16/Feb/2019 15:07:18] "GET /static/main/js/main.js HTTP/1.1" 404 1774
[16/Feb/2019 15:07:18] "GET /static/main/js/tinymce-custom.js HTTP/1.1" 404 1804
[16/Feb/2019 15:07:18] "GET /static/main/js/tinymce.min.js HTTP/1.1" 404 1795
[16/Feb/2019 15:07:18] "GET /static/main/js/tinymce-custom.js HTTP/1.1" 404 1804
[16/Feb/2019 15:07:22] "GET /support/ HTTP/1.1" 200 5181
[16/Feb/2019 15:07:22] "GET /static/main/js/main.js HTTP/1.1" 404 1774
[16/Feb/2019 15:07:22] "GET /static/main/js/tinymce.min.js HTTP/1.1" 404 1795
[16/Feb/2019 15:07:22] "GET /static/main/js/tinymce-custom.js HTTP/1.1" 404 1804
[16/Feb/2019 15:07:22] "GET /static/main/js/main.js HTTP/1.1" 404 1774
[16/Feb/2019 15:07:22] "GET /static/main/js/tinymce.min.js HTTP/1.1" 404 1795
[16/Feb/2019 15:07:22] "GET /static/main/js/tinymce-custom.js HTTP/1.1" 404 1804
[16/Feb/2019 15:07:25] "GET /support/customer_ticket_list/ HTTP/1.1" 200 7331
[16/Feb/2019 15:07:25] "GET /static/main/js/tinymce.min.js HTTP/1.1" 404 1795
[16/Feb/2019 15:07:25] "GET /static/main/js/main.js HTTP/1.1" 404 1774
[16/Feb/2019 15:07:25] "GET /static/main/js/tinymce-custom.js HTTP/1.1" 404 1804
[16/Feb/2019 15:07:25] "GET /static/main/vendor/font-awesome/webfonts/fa-solid-900.woff2 HTTP/1.1" 200 74316
[16/Feb/2019 15:07:25] "GET /static/main/js/tinymce.min.js HTTP/1.1" 404 1795
[16/Feb/2019 15:07:25] "GET /static/main/js/tinymce-custom.js HTTP/1.1" 404 1804
[16/Feb/2019 15:07:25] "GET /static/main/global/plugins/datatables/media/images/sort_both.png HTTP/1.1" 200 1136
[16/Feb/2019 15:07:25] "GET /static/main/global/plugins/datatables/media/images/sort_asc.png HTTP/1.1" 200 1118
[16/Feb/2019 15:07:28] "GET /support/create_ticket/ HTTP/1.1" 200 7119
[16/Feb/2019 15:07:28] "GET /static/main/js/tinymce.min.js HTTP/1.1" 404 1795
[16/Feb/2019 15:07:28] "GET /static/main/js/main.js HTTP/1.1" 404 1774
[16/Feb/2019 15:07:29] "GET /static/main/js/tinymce-custom.js HTTP/1.1" 404 1804
[16/Feb/2019 15:07:29] "GET /static/main/global/plugins/simple-line-icons/fonts/Simple-Line-Icons.woff HTTP/1.1" 200 59324
[16/Feb/2019 15:07:44] "POST /support/customer_post_ticket/ HTTP/1.1" 302 0
[16/Feb/2019 15:07:44] "GET /support/customer_ticket_list/ HTTP/1.1" 200 8261
[16/Feb/2019 15:07:44] "GET /static/main/js/main.js HTTP/1.1" 404 1774
[16/Feb/2019 15:07:44] "GET /static/main/js/tinymce.min.js HTTP/1.1" 404 1795
[16/Feb/2019 15:07:44] "GET /static/main/js/tinymce-custom.js HTTP/1.1" 404 1804
[16/Feb/2019 15:07:44] "GET /static/main/js/tinymce.min.js HTTP/1.1" 404 1795
[16/Feb/2019 15:07:44] "GET /static/main/js/tinymce-custom.js HTTP/1.1" 404 1804
[16/Feb/2019 15:10:12] "GET / HTTP/1.1" 200 6879
[16/Feb/2019 15:10:12] "GET /static/main/js/tinymce.min.js HTTP/1.1" 404 1795
[16/Feb/2019 15:10:12] "GET /static/main/js/main.js HTTP/1.1" 404 1774
[16/Feb/2019 15:10:12] "GET /static/main/js/tinymce-custom.js HTTP/1.1" 404 1804
[16/Feb/2019 15:10:28] "GET / HTTP/1.1" 200 6762
[16/Feb/2019 15:10:29] "GET /static/main/vendor/font-awesome/css/all.css HTTP/1.1" 200 68428
[16/Feb/2019 15:10:29] "GET /static/main/css/bootstrap.min.css HTTP/1.1" 200 144878
[16/Feb/2019 15:10:29] "GET /static/main/global/css/plugins.css HTTP/1.1" 200 49294
[16/Feb/2019 15:10:29] "GET /static/main/global/plugins/bootstrap-switch/css/bootstrap-switch.min.css HTTP/1.1" 200 6457
[16/Feb/2019 15:10:29] "GET /static/main/global/css/components.css HTTP/1.1" 200 376975
[16/Feb/2019 15:10:29] "GET /static/main/admin/layout/css/custom.css HTTP/1.1" 200 1298
[16/Feb/2019 15:10:29] "GET /static/main/css/style.css HTTP/1.1" 200 1994
[16/Feb/2019 15:10:29] "GET /static/main/css/navbar.css HTTP/1.1" 200 798
[16/Feb/2019 15:10:29] "GET /static/main/css/shopping_cart.css HTTP/1.1" 200 1711
[16/Feb/2019 15:10:29] "GET /static/main/css/profile.css HTTP/1.1" 200 1914
[16/Feb/2019 15:10:29] "GET /static/main/global/plugins/select2/select2.css HTTP/1.1" 200 18705
[16/Feb/2019 15:10:29] "GET /static/main/global/plugins/datatables/plugins/bootstrap/dataTables.bootstrap.css HTTP/1.1" 200 5547
[16/Feb/2019 15:10:29] "GET /static/main/global/plugins/simple-line-icons/simple-line-icons.min.css HTTP/1.1" 200 9561
[16/Feb/2019 15:10:29] "GET /media/products/2019/01/12/Download.jpeg HTTP/1.1" 200 10131
Not Found: /favicon.ico
[16/Feb/2019 15:10:30] "GET /favicon.ico HTTP/1.1" 404 3969
Not Found: /favicon.ico
[16/Feb/2019 15:10:30] "GET /favicon.ico HTTP/1.1" 404 3969
[16/Feb/2019 15:10:36] "GET / HTTP/1.1" 200 6762
[16/Feb/2019 15:10:36] "GET /static/main/vendor/font-awesome/css/all.css HTTP/1.1" 200 68428
[16/Feb/2019 15:10:37] "GET /static/main/css/bootstrap.min.css HTTP/1.1" 200 144878
[16/Feb/2019 15:10:37] "GET /static/main/js/main.js HTTP/1.1" 404 1774
[16/Feb/2019 15:10:37] "GET /static/main/global/css/plugins.css HTTP/1.1" 200 49294
[16/Feb/2019 15:10:37] "GET /static/main/global/plugins/select2/select2.css HTTP/1.1" 200 18705
[16/Feb/2019 15:10:38] "GET /static/main/js/tinymce.min.js HTTP/1.1" 404 1795
[16/Feb/2019 15:10:38] "GET /static/main/js/tinymce-custom.js HTTP/1.1" 404 1804
[16/Feb/2019 15:10:38] "GET /static/main/global/plugins/bootstrap/js/bootstrap.min.js HTTP/1.1" 200 36816
[16/Feb/2019 15:10:38] "GET /static/main/global/plugins/bootstrap-switch/js/bootstrap-switch.js HTTP/1.1" 200 25534
[16/Feb/2019 15:10:38] "GET /static/main/global/plugins/jquery.min.js HTTP/1.1" 200 95930
[16/Feb/2019 15:10:39] "GET /static/main/global/plugins/select2/select2.min.js HTTP/1.1" 200 65979
[16/Feb/2019 15:10:39] "GET /static/main/global/plugins/datatables/media/js/jquery.dataTables.min.js HTTP/1.1" 200 77499
[16/Feb/2019 15:10:39] "GET /static/main/global/scripts/metronic.js HTTP/1.1" 200 37859
[16/Feb/2019 15:10:39] "GET /static/main/global/plugins/jquery-ui/jquery-ui.min.js HTTP/1.1" 200 239564
[16/Feb/2019 15:10:40] "GET /static/main/admin/layout/scripts/layout.js HTTP/1.1" 200 23665
[16/Feb/2019 15:10:40] "GET /static/main/admin/pages/scripts/table-managed.js HTTP/1.1" 304 0
[16/Feb/2019 15:10:40] "GET /static/main/admin/pages/scripts/index.js HTTP/1.1" 304 0
[16/Feb/2019 15:10:40] "GET /static/main/global/css/components.css HTTP/1.1" 200 376975
[16/Feb/2019 15:10:42] "GET /static/main/js/tinymce.min.js HTTP/1.1" 404 1795
[16/Feb/2019 15:10:42] "GET /static/main/js/tinymce-custom.js HTTP/1.1" 404 1804
Not Found: /favicon.ico
[16/Feb/2019 15:10:42] "GET /favicon.ico HTTP/1.1" 404 3969
[16/Feb/2019 15:11:12] "GET /signin/ HTTP/1.1" 200 6216
[16/Feb/2019 15:11:12] "GET /captcha/image/52a014494ecadeb1590041a9dc6da8c8c11f3ffa/ HTTP/1.1" 200 4640
[16/Feb/2019 15:11:12] "GET /static/main/js/tinymce-custom.js HTTP/1.1" 404 1804
[16/Feb/2019 15:11:12] "GET /static/main/js/main.js HTTP/1.1" 404 1774
[16/Feb/2019 15:11:12] "GET /static/main/js/tinymce.min.js HTTP/1.1" 404 1795
[16/Feb/2019 15:11:13] "GET /static/main/js/tinymce-custom.js HTTP/1.1" 404 1804
[16/Feb/2019 15:14:27] "GET / HTTP/1.1" 200 6762
[16/Feb/2019 15:33:43] "GET / HTTP/1.1" 200 6762
[16/Feb/2019 15:33:43] "GET /static/main/js/main.js HTTP/1.1" 404 1774
[16/Feb/2019 15:33:44] "GET /static/main/js/tinymce.min.js HTTP/1.1" 404 1795
[16/Feb/2019 15:33:44] "GET /static/main/js/tinymce-custom.js HTTP/1.1" 404 1804
[16/Feb/2019 15:33:51] "GET /2/onionshop/ HTTP/1.1" 200 10885
[16/Feb/2019 15:33:52] "GET /static/main/js/main.js HTTP/1.1" 404 1774
[16/Feb/2019 15:33:52] "GET /static/main/js/tinymce-custom.js HTTP/1.1" 404 1804
[16/Feb/2019 15:33:52] "GET /static/main/vendor/font-awesome/webfonts/fa-solid-900.woff2 HTTP/1.1" 200 74316
[16/Feb/2019 15:33:52] "GET /static/main/js/tinymce.min.js HTTP/1.1" 404 1795
[16/Feb/2019 15:33:53] "GET /static/main/js/tinymce-custom.js HTTP/1.1" 404 1804
[16/Feb/2019 15:33:56] "GET / HTTP/1.1" 200 6762
[16/Feb/2019 15:33:58] "GET /static/main/js/main.js HTTP/1.1" 404 1774
[16/Feb/2019 15:33:58] "GET /static/main/js/tinymce.min.js HTTP/1.1" 404 1795
[16/Feb/2019 15:33:58] "GET /static/main/js/tinymce-custom.js HTTP/1.1" 404 1804
[16/Feb/2019 16:13:29] "GET / HTTP/1.1" 200 6879
[16/Feb/2019 16:13:29] "GET /static/main/global/css/components.css HTTP/1.1" 200 376975
[16/Feb/2019 16:13:29] "GET /static/main/js/main.js HTTP/1.1" 404 1774
[16/Feb/2019 16:13:29] "GET /static/main/js/tinymce-custom.js HTTP/1.1" 404 1804
[16/Feb/2019 16:13:29] "GET /static/main/js/tinymce.min.js HTTP/1.1" 404 1795
[16/Feb/2019 16:13:29] "GET /static/main/js/tinymce-custom.js HTTP/1.1" 404 1804
[16/Feb/2019 16:13:33] "GET / HTTP/1.1" 200 6879
[16/Feb/2019 16:13:33] "GET /static/main/js/main.js HTTP/1.1" 404 1774
[16/Feb/2019 16:13:33] "GET /static/main/js/tinymce.min.js HTTP/1.1" 404 1795
[16/Feb/2019 16:13:33] "GET /static/main/js/tinymce-custom.js HTTP/1.1" 404 1804
[16/Feb/2019 16:13:36] "GET /account/profile/ HTTP/1.1" 200 12806
[16/Feb/2019 16:13:36] "GET /static/main/img/icons/profile_user.png HTTP/1.1" 200 4017
[16/Feb/2019 16:13:36] "GET /static/main/js/main.js HTTP/1.1" 404 1774
[16/Feb/2019 16:13:36] "GET /static/main/js/tinymce.min.js HTTP/1.1" 404 1795
[16/Feb/2019 16:13:36] "GET /static/main/js/tinymce-custom.js HTTP/1.1" 404 1804
[16/Feb/2019 16:14:09] "GET /account/orders/ HTTP/1.1" 200 8110
[16/Feb/2019 16:14:09] "GET /static/main/js/main.js HTTP/1.1" 404 1774
[16/Feb/2019 16:14:09] "GET /static/main/js/tinymce.min.js HTTP/1.1" 404 1795
[16/Feb/2019 16:14:09] "GET /static/main/js/tinymce-custom.js HTTP/1.1" 404 1804
[16/Feb/2019 16:14:13] "GET /account/profile/ HTTP/1.1" 200 12806
[16/Feb/2019 16:14:13] "GET /static/main/js/tinymce.min.js HTTP/1.1" 404 1795
[16/Feb/2019 16:14:13] "GET /static/main/js/main.js HTTP/1.1" 404 1774
[16/Feb/2019 16:14:13] "GET /static/main/js/tinymce-custom.js HTTP/1.1" 404 1804
[16/Feb/2019 16:14:14] "GET /account/password/change/ HTTP/1.1" 200 6739
[16/Feb/2019 16:14:14] "GET /static/main/js/main.js HTTP/1.1" 404 1774
[16/Feb/2019 16:14:14] "GET /static/main/js/tinymce.min.js HTTP/1.1" 404 1795
[16/Feb/2019 16:14:14] "GET /static/main/js/tinymce-custom.js HTTP/1.1" 404 1804
[16/Feb/2019 16:14:18] "GET /static/main/js/main.js HTTP/1.1" 404 1774
[16/Feb/2019 16:14:18] "GET /static/main/js/tinymce-custom.js HTTP/1.1" 404 1804
[16/Feb/2019 16:14:32] "GET /support/ HTTP/1.1" 200 5181
[16/Feb/2019 16:14:32] "GET /static/main/js/main.js HTTP/1.1" 404 1774
[16/Feb/2019 16:14:32] "GET /static/main/js/tinymce.min.js HTTP/1.1" 404 1795
[16/Feb/2019 16:14:32] "GET /static/main/js/tinymce-custom.js HTTP/1.1" 404 1804
[16/Feb/2019 16:14:32] "GET /static/main/js/main.js HTTP/1.1" 404 1774
[16/Feb/2019 16:14:32] "GET /static/main/js/tinymce.min.js HTTP/1.1" 404 1795
[16/Feb/2019 16:14:32] "GET /static/main/js/tinymce-custom.js HTTP/1.1" 404 1804
[16/Feb/2019 16:14:34] "GET /support/customer_chat/ HTTP/1.1" 302 0
[16/Feb/2019 16:14:34] "GET /support/customer_chat/ HTTP/1.1" 200 6752
[16/Feb/2019 16:14:34] "GET /static/main/js/tinymce.min.js HTTP/1.1" 404 1795
[16/Feb/2019 16:14:34] "GET /static/main/js/main.js HTTP/1.1" 404 1774
[16/Feb/2019 16:14:34] "GET /static/main/js/tinymce-custom.js HTTP/1.1" 404 1804
[16/Feb/2019 16:14:54] "POST /support/customer_post_message/ HTTP/1.1" 302 0
[16/Feb/2019 16:14:54] "GET /support/customer_chat/ HTTP/1.1" 200 7826
[16/Feb/2019 16:14:55] "GET /static/main/js/main.js HTTP/1.1" 404 1774
[16/Feb/2019 16:14:55] "GET /static/main/js/tinymce.min.js HTTP/1.1" 404 1795
[16/Feb/2019 16:14:55] "GET /static/main/js/tinymce-custom.js HTTP/1.1" 404 1804
[16/Feb/2019 16:15:09] "GET /alibaba HTTP/1.1" 301 0
[16/Feb/2019 16:15:09] "GET /alibaba/ HTTP/1.1" 200 9170
[16/Feb/2019 16:15:09] "GET /static/admin/css/base.css HTTP/1.1" 200 16226
[16/Feb/2019 16:15:09] "GET /static/admin/css/dashboard.css HTTP/1.1" 200 413
[16/Feb/2019 16:15:09] "GET /static/admin/css/responsive.css HTTP/1.1" 200 17977
[16/Feb/2019 16:15:09] "GET /static/admin/css/fonts.css HTTP/1.1" 200 424
[16/Feb/2019 16:15:09] "GET /static/admin/img/icon-changelink.svg HTTP/1.1" 200 380
[16/Feb/2019 16:15:09] "GET /static/admin/img/icon-addlink.svg HTTP/1.1" 200 331
[16/Feb/2019 16:15:09] "GET /static/admin/fonts/Roboto-Light-webfont.woff HTTP/1.1" 200 81348
[16/Feb/2019 16:15:09] "GET /static/admin/fonts/Roboto-Bold-webfont.woff HTTP/1.1" 200 82564
[16/Feb/2019 16:15:09] "GET /static/admin/fonts/Roboto-Regular-webfont.woff HTTP/1.1" 200 80304
[16/Feb/2019 16:15:16] "GET /alibaba/support/chatmessage/ HTTP/1.1" 200 9352
[16/Feb/2019 16:15:16] "GET /static/admin/js/jquery.init.js HTTP/1.1" 200 363
[16/Feb/2019 16:15:16] "GET /static/admin/css/changelists.css HTTP/1.1" 200 6171
[16/Feb/2019 16:15:16] "GET /alibaba/jsi18n/ HTTP/1.1" 200 3185
[16/Feb/2019 16:15:16] "GET /static/admin/js/core.js HTTP/1.1" 200 7135
[16/Feb/2019 16:15:16] "GET /static/admin/js/admin/RelatedObjectLookups.js HTTP/1.1" 200 6918
[16/Feb/2019 16:15:16] "GET /static/admin/js/urlify.js HTTP/1.1" 200 8972
[16/Feb/2019 16:15:16] "GET /static/admin/js/actions.js HTTP/1.1" 200 6538
[16/Feb/2019 16:15:16] "GET /static/admin/js/prepopulate.js HTTP/1.1" 200 1530
[16/Feb/2019 16:15:16] "GET /static/admin/js/vendor/jquery/jquery.js HTTP/1.1" 200 271751
[16/Feb/2019 16:15:16] "GET /static/admin/js/vendor/xregexp/xregexp.js HTTP/1.1" 200 128820
[16/Feb/2019 16:15:17] "GET /static/admin/img/tooltag-add.svg HTTP/1.1" 200 331
[16/Feb/2019 16:15:20] "GET /alibaba/support/chatmessage/31/change/ HTTP/1.1" 200 7300
[16/Feb/2019 16:15:20] "GET /static/admin/css/forms.css HTTP/1.1" 200 8506
[16/Feb/2019 16:15:20] "GET /alibaba/jsi18n/ HTTP/1.1" 200 3185
[16/Feb/2019 16:15:21] "GET /static/admin/js/change_form.js HTTP/1.1" 200 712
[16/Feb/2019 16:15:21] "GET /static/admin/js/prepopulate_init.js HTTP/1.1" 200 495
[16/Feb/2019 16:15:21] "GET /static/admin/css/widgets.css HTTP/1.1" 200 10341
[16/Feb/2019 16:15:25] "GET /alibaba/support/chatmessage/ HTTP/1.1" 200 9352
[16/Feb/2019 16:15:27] "GET /alibaba/ HTTP/1.1" 200 9170
[16/Feb/2019 16:16:00] "GET /alibaba/ HTTP/1.1" 200 9170
[16/Feb/2019 16:16:24] "GET /alibaba/ HTTP/1.1" 200 9170
[16/Feb/2019 16:19:55] "GET /alibaba/ HTTP/1.1" 200 9170
[16/Feb/2019 16:19:57] "GET /alibaba/ HTTP/1.1" 200 9170
[16/Feb/2019 16:20:00] "GET /alibaba/support/chat/ HTTP/1.1" 200 5264
[16/Feb/2019 16:20:00] "GET /alibaba/jsi18n/ HTTP/1.1" 200 3185
[16/Feb/2019 16:20:03] "GET /alibaba/support/chat/11/change/ HTTP/1.1" 200 6154
[16/Feb/2019 16:20:03] "GET /static/admin/js/calendar.js HTTP/1.1" 200 7777
[16/Feb/2019 16:20:03] "GET /static/admin/js/admin/DateTimeShortcuts.js HTTP/1.1" 200 20281
[16/Feb/2019 16:20:03] "GET /alibaba/jsi18n/ HTTP/1.1" 200 3185
[16/Feb/2019 16:20:03] "GET /static/admin/img/icon-calendar.svg HTTP/1.1" 200 1086
[16/Feb/2019 16:20:03] "GET /static/admin/img/icon-clock.svg HTTP/1.1" 200 677
[16/Feb/2019 16:20:06] "GET /alibaba/support/chat/ HTTP/1.1" 200 5264
[16/Feb/2019 16:20:07] "GET /alibaba/ HTTP/1.1" 200 9170
[16/Feb/2019 16:20:18] "GET / HTTP/1.1" 200 6879
[16/Feb/2019 16:20:18] "GET /static/main/js/tinymce.min.js HTTP/1.1" 404 1795
[16/Feb/2019 16:20:18] "GET /static/main/js/tinymce-custom.js HTTP/1.1" 404 1804
[16/Feb/2019 16:20:18] "GET /static/main/js/main.js HTTP/1.1" 404 1774
[16/Feb/2019 16:20:18] "GET /static/main/js/tinymce.min.js HTTP/1.1" 404 1795
[16/Feb/2019 16:20:18] "GET /static/main/js/tinymce-custom.js HTTP/1.1" 404 1804
[16/Feb/2019 16:20:22] "GET /account/profile/ HTTP/1.1" 200 12806
[16/Feb/2019 16:20:22] "GET /static/main/js/tinymce.min.js HTTP/1.1" 404 1795
[16/Feb/2019 16:20:22] "GET /static/main/js/main.js HTTP/1.1" 404 1774
[16/Feb/2019 16:20:22] "GET /static/main/js/tinymce-custom.js HTTP/1.1" 404 1804
[16/Feb/2019 16:20:22] "GET /static/main/js/tinymce.min.js HTTP/1.1" 404 1795
[16/Feb/2019 16:20:22] "GET /static/main/js/tinymce-custom.js HTTP/1.1" 404 1804
[16/Feb/2019 16:20:23] "GET /account/orders/ HTTP/1.1" 200 8110
[16/Feb/2019 16:20:24] "GET /static/main/js/main.js HTTP/1.1" 404 1774
[16/Feb/2019 16:20:24] "GET /static/main/js/tinymce.min.js HTTP/1.1" 404 1795
[16/Feb/2019 16:20:24] "GET /static/main/js/tinymce-custom.js HTTP/1.1" 404 1804
[16/Feb/2019 16:20:25] "GET /account/profile/ HTTP/1.1" 200 12806
[16/Feb/2019 16:20:25] "GET /static/main/js/tinymce.min.js HTTP/1.1" 404 1795
[16/Feb/2019 16:20:25] "GET /static/main/js/main.js HTTP/1.1" 404 1774
[16/Feb/2019 16:20:25] "GET /static/main/js/tinymce-custom.js HTTP/1.1" 404 1804
[16/Feb/2019 16:20:25] "GET /static/main/js/tinymce.min.js HTTP/1.1" 404 1795
[16/Feb/2019 16:20:26] "GET /static/main/js/tinymce-custom.js HTTP/1.1" 404 1804
[16/Feb/2019 16:20:30] "GET /account/orders/ HTTP/1.1" 200 8110
[16/Feb/2019 16:20:31] "GET /static/main/js/main.js HTTP/1.1" 404 1774
[16/Feb/2019 16:20:31] "GET /static/main/js/tinymce.min.js HTTP/1.1" 404 1795
[16/Feb/2019 16:20:31] "GET /static/main/js/tinymce-custom.js HTTP/1.1" 404 1804
[16/Feb/2019 16:20:34] "GET /account/profile/ HTTP/1.1" 200 12806
[16/Feb/2019 16:20:34] "GET /static/main/js/tinymce.min.js HTTP/1.1" 404 1795
[16/Feb/2019 16:20:34] "GET /static/main/js/main.js HTTP/1.1" 404 1774
[16/Feb/2019 16:20:34] "GET /static/main/js/tinymce-custom.js HTTP/1.1" 404 1804
[16/Feb/2019 16:20:34] "GET /static/main/js/tinymce.min.js HTTP/1.1" 404 1795
[16/Feb/2019 16:20:34] "GET /static/main/js/tinymce-custom.js HTTP/1.1" 404 1804
[16/Feb/2019 16:30:45] "GET /account/profile/ HTTP/1.1" 200 12806
[16/Feb/2019 16:30:46] "GET /static/main/js/tinymce.min.js HTTP/1.1" 404 1795
[16/Feb/2019 16:30:46] "GET /static/main/js/main.js HTTP/1.1" 404 1774
[16/Feb/2019 16:30:46] "GET /static/main/js/tinymce-custom.js HTTP/1.1" 404 1804
[16/Feb/2019 16:30:47] "GET /logout/ HTTP/1.1" 302 0
[16/Feb/2019 16:30:47] "GET / HTTP/1.1" 200 6762
[16/Feb/2019 16:30:47] "GET /static/main/js/tinymce.min.js HTTP/1.1" 404 1795
[16/Feb/2019 16:30:47] "GET /static/main/js/main.js HTTP/1.1" 404 1774
[16/Feb/2019 16:30:47] "GET /static/main/js/tinymce-custom.js HTTP/1.1" 404 1804
[16/Feb/2019 16:44:04] "GET / HTTP/1.1" 200 6762
